[2023-02-01T18:10:08.878] [ERROR] error - Hubo un intento de acceso no autorizado
[2023-02-01T19:01:12.635] [ERROR] error - Hubo un intento de acceso no autorizado
[2023-02-01T19:41:54.188] [ERROR] error - TypeError: normalizeMsgs(...).map is not a function
    at ContenedorMensajes.getAll (C:\Users\fedek\Desktop\codigo\mocks-y-normalizacion\src\persistence\class\messagesDao\MessagesMongo.js:46:51)
    at process.processTicksAndRejections (node:internal/process/task_queues:95:5)
    at async Namespace.<anonymous> (C:\Users\fedek\Desktop\codigo\mocks-y-normalizacion\src\utils\chatSocket.js:10:33)
[2023-02-01T19:41:54.436] [ERROR] error - TypeError: normalizeMsgs(...).map is not a function
    at ContenedorMensajes.getAll (C:\Users\fedek\Desktop\codigo\mocks-y-normalizacion\src\persistence\class\messagesDao\MessagesMongo.js:46:51)
    at process.processTicksAndRejections (node:internal/process/task_queues:95:5)
    at async Namespace.<anonymous> (C:\Users\fedek\Desktop\codigo\mocks-y-normalizacion\src\utils\chatSocket.js:10:33)
[2023-02-01T19:41:56.066] [ERROR] error - TypeError: normalizeMsgs(...).map is not a function
    at ContenedorMensajes.getAll (C:\Users\fedek\Desktop\codigo\mocks-y-normalizacion\src\persistence\class\messagesDao\MessagesMongo.js:46:51)
    at process.processTicksAndRejections (node:internal/process/task_queues:95:5)
    at async Namespace.<anonymous> (C:\Users\fedek\Desktop\codigo\mocks-y-normalizacion\src\utils\chatSocket.js:10:33)
[2023-02-01T19:41:56.076] [ERROR] error - TypeError: normalizeMsgs(...).map is not a function
    at ContenedorMensajes.getAll (C:\Users\fedek\Desktop\codigo\mocks-y-normalizacion\src\persistence\class\messagesDao\MessagesMongo.js:46:51)
    at process.processTicksAndRejections (node:internal/process/task_queues:95:5)
    at async Namespace.<anonymous> (C:\Users\fedek\Desktop\codigo\mocks-y-normalizacion\src\utils\chatSocket.js:10:33)
[2023-02-01T19:41:57.058] [ERROR] error - TypeError: normalizeMsgs(...).map is not a function
    at ContenedorMensajes.getAll (C:\Users\fedek\Desktop\codigo\mocks-y-normalizacion\src\persistence\class\messagesDao\MessagesMongo.js:46:51)
    at process.processTicksAndRejections (node:internal/process/task_queues:95:5)
    at async Namespace.<anonymous> (C:\Users\fedek\Desktop\codigo\mocks-y-normalizacion\src\utils\chatSocket.js:10:33)
[2023-02-01T19:41:58.056] [ERROR] error - TypeError: normalizeMsgs(...).map is not a function
    at ContenedorMensajes.getAll (C:\Users\fedek\Desktop\codigo\mocks-y-normalizacion\src\persistence\class\messagesDao\MessagesMongo.js:46:51)
    at process.processTicksAndRejections (node:internal/process/task_queues:95:5)
    at async Namespace.<anonymous> (C:\Users\fedek\Desktop\codigo\mocks-y-normalizacion\src\utils\chatSocket.js:10:33)
[2023-02-01T19:41:59.536] [ERROR] error - TypeError: normalizeMsgs(...).map is not a function
    at ContenedorMensajes.getAll (C:\Users\fedek\Desktop\codigo\mocks-y-normalizacion\src\persistence\class\messagesDao\MessagesMongo.js:46:51)
    at process.processTicksAndRejections (node:internal/process/task_queues:95:5)
    at async Namespace.<anonymous> (C:\Users\fedek\Desktop\codigo\mocks-y-normalizacion\src\utils\chatSocket.js:10:33)
[2023-02-01T19:42:00.198] [ERROR] error - TypeError: normalizeMsgs(...).map is not a function
    at ContenedorMensajes.getAll (C:\Users\fedek\Desktop\codigo\mocks-y-normalizacion\src\persistence\class\messagesDao\MessagesMongo.js:46:51)
    at process.processTicksAndRejections (node:internal/process/task_queues:95:5)
    at async Namespace.<anonymous> (C:\Users\fedek\Desktop\codigo\mocks-y-normalizacion\src\utils\chatSocket.js:10:33)
[2023-02-01T19:42:01.378] [ERROR] error - TypeError: normalizeMsgs(...).map is not a function
    at ContenedorMensajes.getAll (C:\Users\fedek\Desktop\codigo\mocks-y-normalizacion\src\persistence\class\messagesDao\MessagesMongo.js:46:51)
    at process.processTicksAndRejections (node:internal/process/task_queues:95:5)
    at async Namespace.<anonymous> (C:\Users\fedek\Desktop\codigo\mocks-y-normalizacion\src\utils\chatSocket.js:10:33)
[2023-02-01T19:42:02.058] [ERROR] error - TypeError: normalizeMsgs(...).map is not a function
    at ContenedorMensajes.getAll (C:\Users\fedek\Desktop\codigo\mocks-y-normalizacion\src\persistence\class\messagesDao\MessagesMongo.js:46:51)
    at process.processTicksAndRejections (node:internal/process/task_queues:95:5)
    at async Namespace.<anonymous> (C:\Users\fedek\Desktop\codigo\mocks-y-normalizacion\src\utils\chatSocket.js:10:33)
[2023-02-01T19:42:03.056] [ERROR] error - TypeError: normalizeMsgs(...).map is not a function
    at ContenedorMensajes.getAll (C:\Users\fedek\Desktop\codigo\mocks-y-normalizacion\src\persistence\class\messagesDao\MessagesMongo.js:46:51)
    at process.processTicksAndRejections (node:internal/process/task_queues:95:5)
    at async Namespace.<anonymous> (C:\Users\fedek\Desktop\codigo\mocks-y-normalizacion\src\utils\chatSocket.js:10:33)
[2023-02-01T19:42:04.063] [ERROR] error - TypeError: normalizeMsgs(...).map is not a function
    at ContenedorMensajes.getAll (C:\Users\fedek\Desktop\codigo\mocks-y-normalizacion\src\persistence\class\messagesDao\MessagesMongo.js:46:51)
    at process.processTicksAndRejections (node:internal/process/task_queues:95:5)
    at async Namespace.<anonymous> (C:\Users\fedek\Desktop\codigo\mocks-y-normalizacion\src\utils\chatSocket.js:10:33)
[2023-02-01T19:42:05.054] [ERROR] error - TypeError: normalizeMsgs(...).map is not a function
    at ContenedorMensajes.getAll (C:\Users\fedek\Desktop\codigo\mocks-y-normalizacion\src\persistence\class\messagesDao\MessagesMongo.js:46:51)
    at process.processTicksAndRejections (node:internal/process/task_queues:95:5)
    at async Namespace.<anonymous> (C:\Users\fedek\Desktop\codigo\mocks-y-normalizacion\src\utils\chatSocket.js:10:33)
[2023-02-01T19:42:05.077] [ERROR] error - TypeError: normalizeMsgs(...).map is not a function
    at ContenedorMensajes.getAll (C:\Users\fedek\Desktop\codigo\mocks-y-normalizacion\src\persistence\class\messagesDao\MessagesMongo.js:46:51)
    at process.processTicksAndRejections (node:internal/process/task_queues:95:5)
    at async Namespace.<anonymous> (C:\Users\fedek\Desktop\codigo\mocks-y-normalizacion\src\utils\chatSocket.js:10:33)
[2023-02-01T19:42:06.056] [ERROR] error - TypeError: normalizeMsgs(...).map is not a function
    at ContenedorMensajes.getAll (C:\Users\fedek\Desktop\codigo\mocks-y-normalizacion\src\persistence\class\messagesDao\MessagesMongo.js:46:51)
    at process.processTicksAndRejections (node:internal/process/task_queues:95:5)
    at async Namespace.<anonymous> (C:\Users\fedek\Desktop\codigo\mocks-y-normalizacion\src\utils\chatSocket.js:10:33)
[2023-02-01T19:42:07.068] [ERROR] error - TypeError: normalizeMsgs(...).map is not a function
    at ContenedorMensajes.getAll (C:\Users\fedek\Desktop\codigo\mocks-y-normalizacion\src\persistence\class\messagesDao\MessagesMongo.js:46:51)
    at process.processTicksAndRejections (node:internal/process/task_queues:95:5)
    at async Namespace.<anonymous> (C:\Users\fedek\Desktop\codigo\mocks-y-normalizacion\src\utils\chatSocket.js:10:33)
[2023-02-01T19:42:08.062] [ERROR] error - TypeError: normalizeMsgs(...).map is not a function
    at ContenedorMensajes.getAll (C:\Users\fedek\Desktop\codigo\mocks-y-normalizacion\src\persistence\class\messagesDao\MessagesMongo.js:46:51)
    at process.processTicksAndRejections (node:internal/process/task_queues:95:5)
    at async Namespace.<anonymous> (C:\Users\fedek\Desktop\codigo\mocks-y-normalizacion\src\utils\chatSocket.js:10:33)
[2023-02-01T19:42:08.072] [ERROR] error - TypeError: normalizeMsgs(...).map is not a function
    at ContenedorMensajes.getAll (C:\Users\fedek\Desktop\codigo\mocks-y-normalizacion\src\persistence\class\messagesDao\MessagesMongo.js:46:51)
    at process.processTicksAndRejections (node:internal/process/task_queues:95:5)
    at async Namespace.<anonymous> (C:\Users\fedek\Desktop\codigo\mocks-y-normalizacion\src\utils\chatSocket.js:10:33)
[2023-02-01T19:42:09.056] [ERROR] error - TypeError: normalizeMsgs(...).map is not a function
    at ContenedorMensajes.getAll (C:\Users\fedek\Desktop\codigo\mocks-y-normalizacion\src\persistence\class\messagesDao\MessagesMongo.js:46:51)
    at process.processTicksAndRejections (node:internal/process/task_queues:95:5)
    at async Namespace.<anonymous> (C:\Users\fedek\Desktop\codigo\mocks-y-normalizacion\src\utils\chatSocket.js:10:33)
[2023-02-01T19:42:10.075] [ERROR] error - TypeError: normalizeMsgs(...).map is not a function
    at ContenedorMensajes.getAll (C:\Users\fedek\Desktop\codigo\mocks-y-normalizacion\src\persistence\class\messagesDao\MessagesMongo.js:46:51)
    at process.processTicksAndRejections (node:internal/process/task_queues:95:5)
    at async Namespace.<anonymous> (C:\Users\fedek\Desktop\codigo\mocks-y-normalizacion\src\utils\chatSocket.js:10:33)
[2023-02-01T19:42:11.054] [ERROR] error - TypeError: normalizeMsgs(...).map is not a function
    at ContenedorMensajes.getAll (C:\Users\fedek\Desktop\codigo\mocks-y-normalizacion\src\persistence\class\messagesDao\MessagesMongo.js:46:51)
    at process.processTicksAndRejections (node:internal/process/task_queues:95:5)
    at async Namespace.<anonymous> (C:\Users\fedek\Desktop\codigo\mocks-y-normalizacion\src\utils\chatSocket.js:10:33)
[2023-02-01T19:42:12.076] [ERROR] error - TypeError: normalizeMsgs(...).map is not a function
    at ContenedorMensajes.getAll (C:\Users\fedek\Desktop\codigo\mocks-y-normalizacion\src\persistence\class\messagesDao\MessagesMongo.js:46:51)
    at process.processTicksAndRejections (node:internal/process/task_queues:95:5)
    at async Namespace.<anonymous> (C:\Users\fedek\Desktop\codigo\mocks-y-normalizacion\src\utils\chatSocket.js:10:33)
[2023-02-01T19:42:13.061] [ERROR] error - TypeError: normalizeMsgs(...).map is not a function
    at ContenedorMensajes.getAll (C:\Users\fedek\Desktop\codigo\mocks-y-normalizacion\src\persistence\class\messagesDao\MessagesMongo.js:46:51)
    at process.processTicksAndRejections (node:internal/process/task_queues:95:5)
    at async Namespace.<anonymous> (C:\Users\fedek\Desktop\codigo\mocks-y-normalizacion\src\utils\chatSocket.js:10:33)
[2023-02-01T19:42:14.071] [ERROR] error - TypeError: normalizeMsgs(...).map is not a function
    at ContenedorMensajes.getAll (C:\Users\fedek\Desktop\codigo\mocks-y-normalizacion\src\persistence\class\messagesDao\MessagesMongo.js:46:51)
    at process.processTicksAndRejections (node:internal/process/task_queues:95:5)
    at async Namespace.<anonymous> (C:\Users\fedek\Desktop\codigo\mocks-y-normalizacion\src\utils\chatSocket.js:10:33)
[2023-02-01T19:42:15.063] [ERROR] error - TypeError: normalizeMsgs(...).map is not a function
    at ContenedorMensajes.getAll (C:\Users\fedek\Desktop\codigo\mocks-y-normalizacion\src\persistence\class\messagesDao\MessagesMongo.js:46:51)
    at process.processTicksAndRejections (node:internal/process/task_queues:95:5)
    at async Namespace.<anonymous> (C:\Users\fedek\Desktop\codigo\mocks-y-normalizacion\src\utils\chatSocket.js:10:33)
[2023-02-01T19:42:16.205] [ERROR] error - TypeError: normalizeMsgs(...).map is not a function
    at ContenedorMensajes.getAll (C:\Users\fedek\Desktop\codigo\mocks-y-normalizacion\src\persistence\class\messagesDao\MessagesMongo.js:46:51)
    at process.processTicksAndRejections (node:internal/process/task_queues:95:5)
    at async Namespace.<anonymous> (C:\Users\fedek\Desktop\codigo\mocks-y-normalizacion\src\utils\chatSocket.js:10:33)
[2023-02-01T19:42:17.074] [ERROR] error - TypeError: normalizeMsgs(...).map is not a function
    at ContenedorMensajes.getAll (C:\Users\fedek\Desktop\codigo\mocks-y-normalizacion\src\persistence\class\messagesDao\MessagesMongo.js:46:51)
    at process.processTicksAndRejections (node:internal/process/task_queues:95:5)
    at async Namespace.<anonymous> (C:\Users\fedek\Desktop\codigo\mocks-y-normalizacion\src\utils\chatSocket.js:10:33)
[2023-02-01T19:42:18.069] [ERROR] error - TypeError: normalizeMsgs(...).map is not a function
    at ContenedorMensajes.getAll (C:\Users\fedek\Desktop\codigo\mocks-y-normalizacion\src\persistence\class\messagesDao\MessagesMongo.js:46:51)
    at process.processTicksAndRejections (node:internal/process/task_queues:95:5)
    at async Namespace.<anonymous> (C:\Users\fedek\Desktop\codigo\mocks-y-normalizacion\src\utils\chatSocket.js:10:33)
[2023-02-01T19:42:19.127] [ERROR] error - TypeError: normalizeMsgs(...).map is not a function
    at ContenedorMensajes.getAll (C:\Users\fedek\Desktop\codigo\mocks-y-normalizacion\src\persistence\class\messagesDao\MessagesMongo.js:46:51)
    at process.processTicksAndRejections (node:internal/process/task_queues:95:5)
    at async Namespace.<anonymous> (C:\Users\fedek\Desktop\codigo\mocks-y-normalizacion\src\utils\chatSocket.js:10:33)
[2023-02-01T19:42:19.313] [ERROR] error - TypeError: normalizeMsgs(...).map is not a function
    at ContenedorMensajes.getAll (C:\Users\fedek\Desktop\codigo\mocks-y-normalizacion\src\persistence\class\messagesDao\MessagesMongo.js:46:51)
    at process.processTicksAndRejections (node:internal/process/task_queues:95:5)
    at async Namespace.<anonymous> (C:\Users\fedek\Desktop\codigo\mocks-y-normalizacion\src\utils\chatSocket.js:10:33)
[2023-02-01T19:42:21.279] [ERROR] error - TypeError: normalizeMsgs(...).map is not a function
    at ContenedorMensajes.getAll (C:\Users\fedek\Desktop\codigo\mocks-y-normalizacion\src\persistence\class\messagesDao\MessagesMongo.js:46:51)
    at process.processTicksAndRejections (node:internal/process/task_queues:95:5)
    at async Namespace.<anonymous> (C:\Users\fedek\Desktop\codigo\mocks-y-normalizacion\src\utils\chatSocket.js:10:33)
[2023-02-01T19:42:21.428] [ERROR] error - TypeError: normalizeMsgs(...).map is not a function
    at ContenedorMensajes.getAll (C:\Users\fedek\Desktop\codigo\mocks-y-normalizacion\src\persistence\class\messagesDao\MessagesMongo.js:46:51)
    at process.processTicksAndRejections (node:internal/process/task_queues:95:5)
    at async Namespace.<anonymous> (C:\Users\fedek\Desktop\codigo\mocks-y-normalizacion\src\utils\chatSocket.js:10:33)
[2023-02-01T19:42:23.072] [ERROR] error - TypeError: normalizeMsgs(...).map is not a function
    at ContenedorMensajes.getAll (C:\Users\fedek\Desktop\codigo\mocks-y-normalizacion\src\persistence\class\messagesDao\MessagesMongo.js:46:51)
    at process.processTicksAndRejections (node:internal/process/task_queues:95:5)
    at async Namespace.<anonymous> (C:\Users\fedek\Desktop\codigo\mocks-y-normalizacion\src\utils\chatSocket.js:10:33)
[2023-02-01T19:42:23.086] [ERROR] error - TypeError: normalizeMsgs(...).map is not a function
    at ContenedorMensajes.getAll (C:\Users\fedek\Desktop\codigo\mocks-y-normalizacion\src\persistence\class\messagesDao\MessagesMongo.js:46:51)
    at process.processTicksAndRejections (node:internal/process/task_queues:95:5)
    at async Namespace.<anonymous> (C:\Users\fedek\Desktop\codigo\mocks-y-normalizacion\src\utils\chatSocket.js:10:33)
[2023-02-01T19:42:24.079] [ERROR] error - TypeError: normalizeMsgs(...).map is not a function
    at ContenedorMensajes.getAll (C:\Users\fedek\Desktop\codigo\mocks-y-normalizacion\src\persistence\class\messagesDao\MessagesMongo.js:46:51)
    at process.processTicksAndRejections (node:internal/process/task_queues:95:5)
    at async Namespace.<anonymous> (C:\Users\fedek\Desktop\codigo\mocks-y-normalizacion\src\utils\chatSocket.js:10:33)
[2023-02-01T19:42:25.070] [ERROR] error - TypeError: normalizeMsgs(...).map is not a function
    at ContenedorMensajes.getAll (C:\Users\fedek\Desktop\codigo\mocks-y-normalizacion\src\persistence\class\messagesDao\MessagesMongo.js:46:51)
    at process.processTicksAndRejections (node:internal/process/task_queues:95:5)
    at async Namespace.<anonymous> (C:\Users\fedek\Desktop\codigo\mocks-y-normalizacion\src\utils\chatSocket.js:10:33)
[2023-02-01T19:42:25.080] [ERROR] error - TypeError: normalizeMsgs(...).map is not a function
    at ContenedorMensajes.getAll (C:\Users\fedek\Desktop\codigo\mocks-y-normalizacion\src\persistence\class\messagesDao\MessagesMongo.js:46:51)
    at process.processTicksAndRejections (node:internal/process/task_queues:95:5)
    at async Namespace.<anonymous> (C:\Users\fedek\Desktop\codigo\mocks-y-normalizacion\src\utils\chatSocket.js:10:33)
[2023-02-01T19:42:27.074] [ERROR] error - TypeError: normalizeMsgs(...).map is not a function
    at ContenedorMensajes.getAll (C:\Users\fedek\Desktop\codigo\mocks-y-normalizacion\src\persistence\class\messagesDao\MessagesMongo.js:46:51)
    at process.processTicksAndRejections (node:internal/process/task_queues:95:5)
    at async Namespace.<anonymous> (C:\Users\fedek\Desktop\codigo\mocks-y-normalizacion\src\utils\chatSocket.js:10:33)
[2023-02-01T19:42:27.098] [ERROR] error - TypeError: normalizeMsgs(...).map is not a function
    at ContenedorMensajes.getAll (C:\Users\fedek\Desktop\codigo\mocks-y-normalizacion\src\persistence\class\messagesDao\MessagesMongo.js:46:51)
    at process.processTicksAndRejections (node:internal/process/task_queues:95:5)
    at async Namespace.<anonymous> (C:\Users\fedek\Desktop\codigo\mocks-y-normalizacion\src\utils\chatSocket.js:10:33)
[2023-02-01T19:42:29.064] [ERROR] error - TypeError: normalizeMsgs(...).map is not a function
    at ContenedorMensajes.getAll (C:\Users\fedek\Desktop\codigo\mocks-y-normalizacion\src\persistence\class\messagesDao\MessagesMongo.js:46:51)
    at process.processTicksAndRejections (node:internal/process/task_queues:95:5)
    at async Namespace.<anonymous> (C:\Users\fedek\Desktop\codigo\mocks-y-normalizacion\src\utils\chatSocket.js:10:33)
[2023-02-01T19:42:29.079] [ERROR] error - TypeError: normalizeMsgs(...).map is not a function
    at ContenedorMensajes.getAll (C:\Users\fedek\Desktop\codigo\mocks-y-normalizacion\src\persistence\class\messagesDao\MessagesMongo.js:46:51)
    at process.processTicksAndRejections (node:internal/process/task_queues:95:5)
    at async Namespace.<anonymous> (C:\Users\fedek\Desktop\codigo\mocks-y-normalizacion\src\utils\chatSocket.js:10:33)
[2023-02-01T19:42:30.057] [ERROR] error - TypeError: normalizeMsgs(...).map is not a function
    at ContenedorMensajes.getAll (C:\Users\fedek\Desktop\codigo\mocks-y-normalizacion\src\persistence\class\messagesDao\MessagesMongo.js:46:51)
    at process.processTicksAndRejections (node:internal/process/task_queues:95:5)
    at async Namespace.<anonymous> (C:\Users\fedek\Desktop\codigo\mocks-y-normalizacion\src\utils\chatSocket.js:10:33)
[2023-02-01T19:42:30.068] [ERROR] error - TypeError: normalizeMsgs(...).map is not a function
    at ContenedorMensajes.getAll (C:\Users\fedek\Desktop\codigo\mocks-y-normalizacion\src\persistence\class\messagesDao\MessagesMongo.js:46:51)
    at process.processTicksAndRejections (node:internal/process/task_queues:95:5)
    at async Namespace.<anonymous> (C:\Users\fedek\Desktop\codigo\mocks-y-normalizacion\src\utils\chatSocket.js:10:33)
[2023-02-02T17:28:17.445] [ERROR] error - Hubo un intento de acceso no autorizado
